<?xml version="1.0" encoding="UTF-8"?>
<coverage generated="1689591869928" clover="3.2.0">
  <project timestamp="1689591869928" name="All files">
    <metrics statements="8" coveredstatements="8" conditionals="0" coveredconditionals="0" methods="0" coveredmethods="0" elements="8" coveredelements="8" complexity="0" loc="8" ncloc="8" packages="1" files="2" classes="2"/>
    <file name="UserModel.js" path="/Users/jordanaston/Documents/coder-academy/JordanAston_T3A2-B/src/T3A2-B-van-voyage-server/src/models/UserModel.js">
      <metrics statements="4" coveredstatements="4" conditionals="0" coveredconditionals="0" methods="0" coveredmethods="0"/>
      <line num="1" count="1" type="stmt"/>
      <line num="3" count="1" type="stmt"/>
      <line num="14" count="1" type="stmt"/>
      <line num="16" count="1" type="stmt"/>
    </file>
    <file name="VanModel.js" path="/Users/jordanaston/Documents/coder-academy/JordanAston_T3A2-B/src/T3A2-B-van-voyage-server/src/models/VanModel.js">
      <metrics statements="4" coveredstatements="4" conditionals="0" coveredconditionals="0" methods="0" coveredmethods="0"/>
      <line num="1" count="1" type="stmt"/>
      <line num="3" count="1" type="stmt"/>
      <line num="8" count="1" type="stmt"/>
      <line num="10" count="1" type="stmt"/>
    </file>
  </project>
</coverage>
