{"/Users/jordanaston/Documents/coder-academy/JordanAston_T3A2-B/src/T3A2-B-van-voyage-server/src/models/UserModel.js": {"path":"/Users/jordanaston/Documents/coder-academy/JordanAston_T3A2-B/src/T3A2-B-van-voyage-server/src/models/UserModel.js","statementMap":{"0":{"start":{"line":1,"column":17},"end":{"line":1,"column":36}},"1":{"start":{"line":3,"column":19},"end":{"line":12,"column":2}},"2":{"start":{"line":14,"column":13},"end":{"line":14,"column":47}},"3":{"start":{"line":16,"column":0},"end":{"line":16,"column":24}}},"fnMap":{},"branchMap":{},"s":{"0":1,"1":1,"2":1,"3":1},"f":{},"b":{},"_coverageSchema":"1a1c01bbd47fc00a2c39e90264f33305004495a9","hash":"c20f81ffa095801e39f04b0e6b32661852a09f4b"}
,"/Users/jordanaston/Documents/coder-academy/JordanAston_T3A2-B/src/T3A2-B-van-voyage-server/src/models/VanModel.js": {"path":"/Users/jordanaston/Documents/coder-academy/JordanAston_T3A2-B/src/T3A2-B-van-voyage-server/src/models/VanModel.js","statementMap":{"0":{"start":{"line":1,"column":17},"end":{"line":1,"column":36}},"1":{"start":{"line":3,"column":18},"end":{"line":6,"column":2}},"2":{"start":{"line":8,"column":12},"end":{"line":8,"column":44}},"3":{"start":{"line":10,"column":0},"end":{"line":10,"column":23}}},"fnMap":{},"branchMap":{},"s":{"0":1,"1":1,"2":1,"3":1},"f":{},"b":{},"_coverageSchema":"1a1c01bbd47fc00a2c39e90264f33305004495a9","hash":"41eb5ac15448d2c87ad3a0422876be79c88b6db0"}
}
