{"/Users/jordanaston/Documents/coder-academy/JordanAston_T3A2-B/src/T3A2-B-van-voyage-server/src/models/UserModel.js": {"path":"/Users/jordanaston/Documents/coder-academy/JordanAston_T3A2-B/src/T3A2-B-van-voyage-server/src/models/UserModel.js","statementMap":{"0":{"start":{"line":1,"column":17},"end":{"line":1,"column":36}},"1":{"start":{"line":3,"column":19},"end":{"line":12,"column":2}},"2":{"start":{"line":14,"column":13},"end":{"line":14,"column":47}},"3":{"start":{"line":16,"column":0},"end":{"line":16,"column":26}}},"fnMap":{},"branchMap":{},"s":{"0":1,"1":1,"2":1,"3":1},"f":{},"b":{},"_coverageSchema":"1a1c01bbd47fc00a2c39e90264f33305004495a9","hash":"1b72603e2b1182305e850203e0881518d6685f6b"}
,"/Users/jordanaston/Documents/coder-academy/JordanAston_T3A2-B/src/T3A2-B-van-voyage-server/src/models/VanModel.js": {"path":"/Users/jordanaston/Documents/coder-academy/JordanAston_T3A2-B/src/T3A2-B-van-voyage-server/src/models/VanModel.js","statementMap":{"0":{"start":{"line":1,"column":17},"end":{"line":1,"column":36}},"1":{"start":{"line":3,"column":18},"end":{"line":6,"column":2}},"2":{"start":{"line":8,"column":12},"end":{"line":8,"column":44}},"3":{"start":{"line":10,"column":0},"end":{"line":10,"column":25}}},"fnMap":{},"branchMap":{},"s":{"0":1,"1":1,"2":1,"3":1},"f":{},"b":{},"_coverageSchema":"1a1c01bbd47fc00a2c39e90264f33305004495a9","hash":"539ad47b8285f6f61a2e0239f1b61c091056f1bc"}
}
